INFO:__main__:Hello World
2016-03-14 15:21:52,156 Hello World
2016-03-14 15:31:14,108 Starting new HTTP connection (1): localhost
2016-03-14 15:31:14,110 "GET / HTTP/1.1" 200 12
2016-03-14 15:31:14,110 <Response [200]>
2016-03-14 15:31:17,117 Starting new HTTP connection (1): localhost
2016-03-14 15:31:17,132 "GET / HTTP/1.1" 500 4331
2016-03-14 15:31:17,132 <Response [500]>
2016-03-14 15:31:20,141 Starting new HTTP connection (1): localhost
2016-03-14 15:31:20,143 "GET / HTTP/1.1" 200 12
2016-03-14 15:31:20,144 <Response [200]>
2016-03-14 15:31:23,151 Starting new HTTP connection (1): localhost
2016-03-14 15:31:23,161 "GET / HTTP/1.1" 500 4331
2016-03-14 15:31:23,162 <Response [500]>
2016-03-14 15:31:26,170 Starting new HTTP connection (1): localhost
2016-03-14 15:31:26,172 "GET / HTTP/1.1" 200 12
2016-03-14 15:31:26,173 <Response [200]>
2016-03-14 15:31:29,182 Starting new HTTP connection (1): localhost
2016-03-14 15:31:29,184 "GET / HTTP/1.1" 200 12
2016-03-14 15:31:29,185 <Response [200]>
2016-03-14 15:31:32,193 Starting new HTTP connection (1): localhost
2016-03-14 15:31:32,196 "GET / HTTP/1.1" 200 12
2016-03-14 15:31:32,196 <Response [200]>
2016-03-14 15:31:35,204 Starting new HTTP connection (1): localhost
2016-03-14 15:31:35,206 "GET / HTTP/1.1" 200 12
2016-03-14 15:31:35,207 <Response [200]>
2016-03-14 15:31:38,212 Starting new HTTP connection (1): localhost
2016-03-14 15:31:38,215 "GET / HTTP/1.1" 200 12
2016-03-14 15:31:38,215 <Response [200]>
2016-03-14 15:31:41,220 Starting new HTTP connection (1): localhost
2016-03-14 15:31:41,224 "GET / HTTP/1.1" 200 12
2016-03-14 15:31:41,225 <Response [200]>
2016-03-14 15:31:44,231 Starting new HTTP connection (1): localhost
2016-03-14 15:31:44,233 "GET / HTTP/1.1" 200 12
2016-03-14 15:31:44,234 <Response [200]>
2016-03-14 15:31:47,243 Starting new HTTP connection (1): localhost
2016-03-14 15:31:47,245 "GET / HTTP/1.1" 200 12
2016-03-14 15:31:47,246 <Response [200]>
2016-03-14 15:31:50,254 Starting new HTTP connection (1): localhost
2016-03-14 15:31:50,257 "GET / HTTP/1.1" 200 12
2016-03-14 15:31:50,257 <Response [200]>
2016-03-14 15:31:53,264 Starting new HTTP connection (1): localhost
2016-03-14 15:31:53,278 "GET / HTTP/1.1" 500 4331
2016-03-14 15:31:53,279 <Response [500]>
2016-03-14 15:31:56,285 Starting new HTTP connection (1): localhost
2016-03-14 15:31:56,296 "GET / HTTP/1.1" 500 4331
2016-03-14 15:31:56,297 <Response [500]>
2016-03-14 15:31:59,312 Starting new HTTP connection (1): localhost
2016-03-14 15:31:59,321 "GET / HTTP/1.1" 200 12
2016-03-14 15:31:59,322 <Response [200]>
2016-03-14 15:32:02,325 Starting new HTTP connection (1): localhost
2016-03-14 15:32:02,329 "GET / HTTP/1.1" 200 12
2016-03-14 15:32:02,330 <Response [200]>
2016-03-14 15:32:05,333 Starting new HTTP connection (1): localhost
2016-03-14 15:32:05,336 "GET / HTTP/1.1" 200 12
2016-03-14 15:32:05,337 <Response [200]>
2016-03-14 15:32:08,340 Starting new HTTP connection (1): localhost
2016-03-14 15:32:08,343 "GET / HTTP/1.1" 200 12
2016-03-14 15:32:08,343 <Response [200]>
2016-03-14 15:32:11,346 Starting new HTTP connection (1): localhost
2016-03-14 15:32:11,348 "GET / HTTP/1.1" 200 12
2016-03-14 15:32:11,349 <Response [200]>
2016-03-14 15:32:14,352 Starting new HTTP connection (1): localhost
2016-03-14 15:32:14,355 "GET / HTTP/1.1" 200 12
2016-03-14 15:32:14,355 <Response [200]>
2016-03-14 15:32:17,362 Starting new HTTP connection (1): localhost
2016-03-14 15:32:17,364 "GET / HTTP/1.1" 200 12
2016-03-14 15:32:17,365 <Response [200]>
2016-03-14 15:32:20,369 Starting new HTTP connection (1): localhost
2016-03-14 15:32:20,378 "GET / HTTP/1.1" 500 4331
2016-03-14 15:32:20,379 <Response [500]>
2016-03-14 15:32:23,383 Starting new HTTP connection (1): localhost
2016-03-14 15:32:23,386 "GET / HTTP/1.1" 200 12
2016-03-14 15:32:23,386 <Response [200]>
2016-03-14 15:32:26,391 Starting new HTTP connection (1): localhost
2016-03-14 15:32:26,403 "GET / HTTP/1.1" 500 4331
2016-03-14 15:32:26,403 <Response [500]>
2016-03-14 15:32:29,409 Starting new HTTP connection (1): localhost
2016-03-14 15:32:29,412 "GET / HTTP/1.1" 200 12
2016-03-14 15:32:29,413 <Response [200]>
2016-03-14 15:32:32,419 Starting new HTTP connection (1): localhost
2016-03-14 15:32:32,429 "GET / HTTP/1.1" 500 4331
2016-03-14 15:32:32,429 <Response [500]>
2016-03-14 15:32:35,433 Starting new HTTP connection (1): localhost
2016-03-14 15:32:35,435 "GET / HTTP/1.1" 200 12
2016-03-14 15:32:35,435 <Response [200]>
2016-03-14 15:32:38,442 Starting new HTTP connection (1): localhost
2016-03-14 15:32:38,444 "GET / HTTP/1.1" 200 12
2016-03-14 15:32:38,445 <Response [200]>
2016-03-14 15:32:41,449 Starting new HTTP connection (1): localhost
2016-03-14 15:32:41,459 "GET / HTTP/1.1" 500 4331
2016-03-14 15:32:41,459 <Response [500]>
2016-03-14 15:32:44,464 Starting new HTTP connection (1): localhost
2016-03-14 15:32:44,467 "GET / HTTP/1.1" 200 12
2016-03-14 15:32:44,467 <Response [200]>
2016-03-14 15:32:47,476 Starting new HTTP connection (1): localhost
2016-03-14 15:32:47,478 "GET / HTTP/1.1" 200 12
2016-03-14 15:32:47,478 <Response [200]>
2016-03-14 15:32:50,486 Starting new HTTP connection (1): localhost
2016-03-14 15:32:50,489 "GET / HTTP/1.1" 200 12
2016-03-14 15:32:50,490 <Response [200]>
2016-03-14 15:32:53,498 Starting new HTTP connection (1): localhost
2016-03-14 15:32:53,501 "GET / HTTP/1.1" 200 12
2016-03-14 15:32:53,501 <Response [200]>
2016-03-14 15:32:56,508 Starting new HTTP connection (1): localhost
2016-03-14 15:32:56,511 "GET / HTTP/1.1" 200 12
2016-03-14 15:32:56,512 <Response [200]>
2016-03-14 15:32:59,518 Starting new HTTP connection (1): localhost
2016-03-14 15:32:59,520 "GET / HTTP/1.1" 200 12
2016-03-14 15:32:59,521 <Response [200]>
2016-03-14 15:33:02,528 Starting new HTTP connection (1): localhost
2016-03-14 15:33:02,530 "GET / HTTP/1.1" 200 12
2016-03-14 15:33:02,531 <Response [200]>
2016-03-14 15:33:05,535 Starting new HTTP connection (1): localhost
2016-03-14 15:33:05,537 "GET / HTTP/1.1" 200 12
2016-03-14 15:33:05,537 <Response [200]>
2016-03-14 15:33:08,546 Starting new HTTP connection (1): localhost
2016-03-14 15:33:08,548 "GET / HTTP/1.1" 200 12
2016-03-14 15:33:08,549 <Response [200]>
2016-03-14 15:33:11,557 Starting new HTTP connection (1): localhost
2016-03-14 15:33:11,560 "GET / HTTP/1.1" 200 12
2016-03-14 15:33:11,561 <Response [200]>
2016-03-14 15:33:14,568 Starting new HTTP connection (1): localhost
2016-03-14 15:33:14,570 "GET / HTTP/1.1" 200 12
2016-03-14 15:33:14,570 <Response [200]>
2016-03-14 15:36:14,238 Starting new HTTP connection (1): localhost
2016-03-14 15:36:14,247 "GET / HTTP/1.1" 500 4331
2016-03-14 15:36:14,248 500
2016-03-14 15:36:17,254 Starting new HTTP connection (1): localhost
2016-03-14 15:36:17,256 "GET / HTTP/1.1" 200 12
2016-03-14 15:36:17,256 200
2016-03-14 15:36:20,259 Starting new HTTP connection (1): localhost
2016-03-14 15:36:20,275 "GET / HTTP/1.1" 500 4331
2016-03-14 15:36:20,276 500
2016-03-14 15:36:23,284 Starting new HTTP connection (1): localhost
2016-03-14 15:36:23,294 "GET / HTTP/1.1" 500 4331
2016-03-14 15:36:23,294 500
2016-03-14 15:36:26,300 Starting new HTTP connection (1): localhost
2016-03-14 15:36:26,302 "GET / HTTP/1.1" 200 12
2016-03-14 15:36:26,303 200
2016-03-14 15:36:29,309 Starting new HTTP connection (1): localhost
2016-03-14 15:36:29,312 "GET / HTTP/1.1" 200 12
2016-03-14 15:36:29,312 200
2016-03-14 15:36:32,320 Starting new HTTP connection (1): localhost
2016-03-14 15:36:32,322 "GET / HTTP/1.1" 200 12
2016-03-14 15:36:32,323 200
2016-03-14 15:36:35,330 Starting new HTTP connection (1): localhost
2016-03-14 15:36:35,332 "GET / HTTP/1.1" 200 12
2016-03-14 15:36:35,333 200
2016-03-14 15:36:38,340 Starting new HTTP connection (1): localhost
2016-03-14 15:36:38,350 "GET / HTTP/1.1" 500 4331
2016-03-14 15:36:38,350 500
2016-03-14 15:36:41,358 Starting new HTTP connection (1): localhost
2016-03-14 15:36:41,360 "GET / HTTP/1.1" 200 12
2016-03-14 15:36:41,361 200
2016-03-14 15:36:44,364 Starting new HTTP connection (1): localhost
2016-03-14 15:36:44,366 "GET / HTTP/1.1" 200 12
2016-03-14 15:36:44,367 200
2016-03-14 15:36:47,371 Starting new HTTP connection (1): localhost
2016-03-14 15:36:47,381 "GET / HTTP/1.1" 500 4331
2016-03-14 15:36:47,382 500
2016-03-14 15:37:33,152 Starting new HTTP connection (1): localhost
2016-03-14 15:37:33,155 200
2016-03-14 15:37:36,162 Starting new HTTP connection (1): localhost
2016-03-14 15:37:36,164 200
2016-03-14 15:37:39,168 Starting new HTTP connection (1): localhost
2016-03-14 15:37:39,171 200
2016-03-14 15:37:42,180 Starting new HTTP connection (1): localhost
2016-03-14 15:37:42,182 200
2016-03-14 15:37:45,188 Starting new HTTP connection (1): localhost
2016-03-14 15:37:45,191 200
2016-03-14 15:37:48,200 Starting new HTTP connection (1): localhost
2016-03-14 15:37:48,210 500
2016-03-14 15:37:51,217 Starting new HTTP connection (1): localhost
2016-03-14 15:37:51,221 200
2016-03-14 15:37:54,228 Starting new HTTP connection (1): localhost
2016-03-14 15:37:54,231 200
2016-03-14 15:37:57,235 Starting new HTTP connection (1): localhost
2016-03-14 15:37:57,239 200
2016-03-14 15:38:00,242 Starting new HTTP connection (1): localhost
2016-03-14 15:38:00,245 200
2016-03-14 15:38:03,254 Starting new HTTP connection (1): localhost
2016-03-14 15:38:03,256 200
2016-03-14 15:38:06,264 Starting new HTTP connection (1): localhost
2016-03-14 15:38:06,267 200
2016-03-14 15:38:09,272 Starting new HTTP connection (1): localhost
2016-03-14 15:38:09,282 500
2016-03-14 15:39:20,606 500
2016-03-14 15:39:23,616 200
2016-03-14 15:39:26,628 200
2016-03-14 15:39:29,647 500
2016-03-14 15:39:32,666 500
2016-03-14 15:41:04,780 500
2016-03-14 15:41:07,791 200
2016-03-14 15:41:10,799 200
2016-03-14 15:41:13,819 500
2016-03-14 15:41:16,830 200
2016-03-14 15:58:21,194 200
2016-03-14 15:58:24,205 200
2016-03-14 15:58:27,212 200
2016-03-14 15:58:30,218 200
2016-03-14 15:58:51,814 500
2016-03-14 15:58:53,824 200
2016-03-14 15:58:55,843 500
2016-03-14 15:58:57,854 200
2016-03-14 15:58:59,861 200
2016-03-14 15:59:01,872 200
2016-03-14 15:59:03,883 200
2016-03-14 15:59:05,902 500
2016-03-14 15:59:07,909 200
2016-03-14 15:59:09,919 200
2016-03-14 15:59:11,931 200
2016-03-14 15:59:13,945 500
2016-03-14 15:59:15,961 500
2016-03-14 15:59:17,969 200
2016-03-14 15:59:19,977 200
2016-03-14 15:59:21,988 200
2016-03-14 15:59:23,998 200
2016-03-14 15:59:26,008 200
2016-03-14 15:59:28,015 200
2016-03-14 15:59:55,306 200
2016-03-14 15:59:55,306 9
2016-03-14 15:59:57,318 200
2016-03-14 15:59:57,318 9
2016-03-14 15:59:59,326 200
2016-03-14 15:59:59,327 9
2016-03-14 16:00:01,338 200
2016-03-14 16:00:01,338 9
2016-03-14 16:00:03,346 200
2016-03-14 16:00:03,346 9
2016-03-14 16:00:05,358 200
2016-03-14 16:00:05,358 9
2016-03-14 16:00:07,369 200
2016-03-14 16:00:07,369 9
2016-03-14 16:00:09,376 200
2016-03-14 16:00:09,376 9
2016-03-14 16:01:00,398 500
2016-03-14 16:01:00,398 9
2016-03-14 16:01:02,406 200
2016-03-14 16:01:02,406 8
2016-03-14 16:01:04,416 200
2016-03-14 16:01:04,416 7
2016-03-14 16:01:06,425 200
2016-03-14 16:01:06,425 6
2016-03-14 16:01:08,444 500
2016-03-14 16:01:08,444 5
2016-03-14 16:01:10,460 500
2016-03-14 16:01:10,460 4
2016-03-14 16:01:12,465 200
2016-03-14 16:01:12,465 3
2016-03-14 16:01:14,473 200
2016-03-14 16:01:14,473 2
2016-03-14 16:01:16,480 200
2016-03-14 16:01:16,480 1
2016-03-14 16:01:18,500 500
2016-03-14 16:01:18,500 0
2016-03-14 16:01:20,501 Success: 6, Fail: 4. Number of calls: 5. % success: 1% fail: 0
2016-03-14 16:01:20,507 200
2016-03-14 16:01:20,507 9
2016-03-14 16:01:22,526 500
2016-03-14 16:01:22,526 8
2016-03-14 16:01:24,537 200
2016-03-14 16:01:24,537 7
2016-03-14 16:01:26,549 200
2016-03-14 16:01:26,549 6
2016-03-14 16:01:28,559 200
2016-03-14 16:01:28,559 5
2016-03-14 16:01:30,567 200
2016-03-14 16:01:30,567 4
2016-03-14 16:01:32,583 500
2016-03-14 16:01:32,583 3
2016-03-14 16:02:05,895 200
2016-03-14 16:02:05,895 9
2016-03-14 16:02:07,905 200
2016-03-14 16:02:07,905 8
2016-03-14 16:02:09,924 500
2016-03-14 16:02:09,924 7
2016-03-14 16:02:11,933 200
2016-03-14 16:02:11,933 6
2016-03-14 16:02:13,943 200
2016-03-14 16:02:13,943 5
2016-03-14 16:02:15,962 500
2016-03-14 16:02:15,962 4
2016-03-14 16:02:17,969 200
2016-03-14 16:02:17,969 3
2016-03-14 16:02:19,988 500
2016-03-14 16:02:19,988 2
2016-03-14 16:02:22,000 200
2016-03-14 16:02:22,000 1
2016-03-14 16:02:24,010 200
2016-03-14 16:02:24,010 0
2016-03-14 16:02:26,016 Success: 7, Fail: 3. Number of calls: 3. % success: 200% fail: 100
2016-03-14 16:02:26,022 200
2016-03-14 16:02:26,022 9
2016-03-14 16:02:28,040 500
2016-03-14 16:02:28,040 8
2016-03-14 16:02:30,049 200
2016-03-14 16:02:30,050 7
2016-03-14 16:02:32,060 200
2016-03-14 16:02:32,060 6
2016-03-14 16:02:34,069 200
2016-03-14 16:02:34,069 5
2016-03-14 16:02:36,079 200
2016-03-14 16:02:36,079 4
2016-03-14 16:03:22,358 200
2016-03-14 16:03:22,359 2
2016-03-14 16:03:24,370 200
2016-03-14 16:03:24,370 1
2016-03-14 16:03:26,377 200
2016-03-14 16:03:26,378 0
2016-03-14 16:03:28,383 Success: 3, Fail: 0. Number of calls: 3. % success: 100% fail: 0
2016-03-14 16:03:28,397 500
2016-03-14 16:03:28,397 2
2016-03-14 16:03:30,407 200
2016-03-14 16:03:30,407 1
2016-03-14 16:03:32,424 500
2016-03-14 16:03:32,425 0
2016-03-14 16:03:34,426 Success: 4, Fail: 2. Number of calls: 3. % success: 100% fail: 0
2016-03-14 16:03:34,432 200
2016-03-14 16:03:34,432 2
2016-03-14 16:03:36,443 200
2016-03-14 16:03:36,444 1
2016-03-14 16:03:38,451 200
2016-03-14 16:03:38,451 0
2016-03-14 16:03:40,456 Success: 7, Fail: 2. Number of calls: 3. % success: 200% fail: 0
2016-03-14 16:03:40,471 500
2016-03-14 16:03:40,471 2
2016-03-14 16:03:42,481 200
2016-03-14 16:03:42,481 1
2016-03-14 16:03:44,488 200
2016-03-14 16:03:44,488 0
2016-03-14 16:03:46,489 Success: 9, Fail: 3. Number of calls: 3. % success: 300% fail: 100
2016-03-14 16:03:46,495 200
2016-03-14 16:03:46,495 2
2016-03-14 16:05:54,841 200
2016-03-14 16:05:54,841 2
2016-03-14 16:05:56,853 200
2016-03-14 16:05:56,853 1
2016-03-14 16:05:58,861 200
2016-03-14 16:05:58,862 0
2016-03-14 16:06:00,863 Success: 3, Fail: 0. Number of calls: 3 in 6 seconds
2016-03-14 16:06:00,868 200
2016-03-14 16:06:00,868 2
2016-03-14 16:06:02,875 200
2016-03-14 16:06:02,875 1
2016-03-14 16:06:04,882 200
2016-03-14 16:06:04,882 0
2016-03-14 16:06:06,886 Success: 6, Fail: 0. Number of calls: 3 in 6 seconds
2016-03-14 16:06:06,892 200
2016-03-14 16:06:06,893 2
2016-03-14 16:06:08,902 200
2016-03-14 16:06:08,903 1
2016-03-14 16:06:10,913 200
2016-03-14 16:06:10,913 0
2016-03-14 16:06:12,916 Success: 9, Fail: 0. Number of calls: 3 in 6 seconds
2016-03-14 16:06:12,922 200
2016-03-14 16:06:12,922 2
2016-03-14 16:06:14,935 500
2016-03-14 16:06:14,935 1
2016-03-14 16:06:16,942 200
2016-03-14 16:06:16,942 0
2016-03-14 16:06:18,947 Success: 11, Fail: 1. Number of calls: 3 in 6 seconds
2016-03-14 16:06:18,962 500
2016-03-14 16:06:18,962 2
2016-03-14 16:06:20,979 500
2016-03-14 16:06:20,979 1
2016-03-14 16:06:22,987 200
2016-03-14 16:06:22,987 0
2016-03-14 16:06:24,991 Success: 12, Fail: 3. Number of calls: 3 in 6 seconds
2016-03-14 16:06:24,998 200
2016-03-14 16:06:24,999 2
2016-03-14 16:06:27,005 200
2016-03-14 16:06:27,005 1
2016-03-14 16:10:17,528 500
2016-03-14 16:10:17,528 2
2016-03-14 16:10:19,536 200
2016-03-14 16:10:19,536 1
2016-03-14 16:10:21,543 200
2016-03-14 16:10:21,543 0
2016-03-14 16:10:23,546 Success: 2, Fail: 1. Number of calls: 3 in 6 seconds 
Total success: 2. Total fail: 1 since running script
2016-03-14 16:10:23,552 200
2016-03-14 16:10:23,552 2
2016-03-14 16:10:25,564 200
2016-03-14 16:10:25,564 1
2016-03-14 16:10:27,570 200
2016-03-14 16:10:27,570 0
2016-03-14 16:10:29,574 Success: 3, Fail: 0. Number of calls: 3 in 6 seconds 
Total success: 5. Total fail: 1 since running script
2016-03-14 16:10:29,580 200
2016-03-14 16:10:29,580 2
2016-03-14 16:10:31,594 500
2016-03-14 16:10:31,594 1
2016-03-14 16:10:33,601 200
2016-03-14 16:10:33,602 0
2016-03-14 16:10:35,607 Success: 2, Fail: 1. Number of calls: 3 in 6 seconds 
Total success: 7. Total fail: 2 since running script
2016-03-14 16:10:35,620 500
2016-03-14 16:10:35,620 2
2016-03-14 16:10:37,630 200
2016-03-14 16:10:37,630 1
2016-03-14 16:10:39,647 500
2016-03-14 16:10:39,647 0
2016-03-14 16:10:41,647 Success: 1, Fail: 2. Number of calls: 3 in 6 seconds 
Total success: 8. Total fail: 4 since running script
2016-03-14 16:10:41,653 200
2016-03-14 16:10:41,654 2
2016-03-14 16:10:43,665 200
2016-03-14 16:10:43,665 1
2016-03-14 16:10:45,676 200
2016-03-14 16:10:45,676 0
2016-03-14 16:10:47,680 Success: 3, Fail: 0. Number of calls: 3 in 6 seconds 
Total success: 11. Total fail: 4 since running script
2016-03-14 16:10:47,694 500
2016-03-14 16:10:47,694 2
2016-03-14 16:10:49,700 200
2016-03-14 16:10:49,700 1
2016-03-14 16:10:51,715 500
2016-03-14 16:10:51,715 0
